Arguments: 
  C:\Program Files\nodejs\node.exe C:\Users\gurwl\AppData\Roaming\npm\node_modules\yarn\bin\yarn.js add graphql calss-validator type-graphql

PATH: 
  C:\Program Files\Git\mingw64\bin;C:\Program Files\Git\usr\bin;C:\Users\gurwl\bin;C:\Users\gurwl\bin;C:\Program Files\Git\mingw64\bin;C:\Program Files\Git\usr\local\bin;C:\Program Files\Git\usr\bin;C:\Program Files\Git\usr\bin;C:\Program Files\Git\mingw64\bin;C:\Program Files\Git\usr\bin;C:\Users\gurwl\bin;C:\Python38\Scripts;C:\Python38;C:\WINDOWS\system32;C:\WINDOWS;C:\WINDOWS\System32\Wbem;C:\WINDOWS\System32\WindowsPowerShell\v1.0;C:\WINDOWS\System32\OpenSSH;C:\Program Files\Git\cmd;C:\Program Files\nodejs;C:\Program Files\Intel\WiFi\bin;C:\Program Files\Common Files\Intel\WirelessCommon;C:\ProgramData\chocolatey\bin;C:\Program Files (x86)\Windows Live\Shared;C:\Program Files\PostgreSQL\12\bin;C:\Program Files\Go\bin;%GOPATH%\bin;C:\Program Files\MySQL\MySQL Shell 8.0\bin;C:\Users\gurwl\AppData\Local\Programs\Python\Python38-32\Scripts;C:\Users\gurwl\AppData\Local\Programs\Python\Python38-32;C:\Users\gurwl\AppData\Local\Microsoft\WindowsApps;C:\Users\gurwl\AppData\Local\Programs\Microsoft VS Code\bin;C:\Users\gurwl\AppData\Roaming\npm;C:\tools\dart-sdk\bin;C:\Users\gurwl\AppData\Roaming\Pub\Cache\bin;C:\flutter\flutter\bin;C:\Users\gurwl\AppData\Local\gitkraken\bin;C:\Users\gurwl\AppData\Local\Microsoft\WindowsApps;C:\Users\gurwl\go\bin;C:\Program Files\Git\usr\bin\vendor_perl;C:\Program Files\Git\usr\bin\core_perl

Yarn version: 
  1.22.4

Node version: 
  12.16.2

Platform: 
  win32 x64

Trace: 
  Error: https://registry.yarnpkg.com/calss-validator: Not found
      at Request.params.callback [as _callback] (C:\Users\gurwl\AppData\Roaming\npm\node_modules\yarn\lib\cli.js:66987:18)
      at Request.self.callback (C:\Users\gurwl\AppData\Roaming\npm\node_modules\yarn\lib\cli.js:140748:22)
      at Request.emit (events.js:310:20)
      at Request.<anonymous> (C:\Users\gurwl\AppData\Roaming\npm\node_modules\yarn\lib\cli.js:141720:10)
      at Request.emit (events.js:310:20)
      at IncomingMessage.<anonymous> (C:\Users\gurwl\AppData\Roaming\npm\node_modules\yarn\lib\cli.js:141642:12)
      at Object.onceWrapper (events.js:416:28)
      at IncomingMessage.emit (events.js:322:22)
      at endReadableNT (_stream_readable.js:1187:12)
      at processTicksAndRejections (internal/process/task_queues.js:84:21)

npm manifest: 
  No manifest

yarn manifest: 
  No manifest

Lockfile: 
  No lockfile
